Using pre-set license
Built from '2020.2/staging' branch; Version is '2020.2.7f1 (c53830e277f1) revision 12924976'; Using compiler version '192528614'; Build Type 'Release'
OS: 'Windows 10 Home; OS build 18363.1440; Version 1909; 64bit' Language: 'nl' Physical Memory: 16263 MB
BatchMode: 1, IsHumanControllingUs: 0, StartBugReporterOnCrash: 0, Is64bit: 1, IsPro: 0

 COMMAND LINE ARGUMENTS:
C:\Program Files\Unity\Hub\Editor\2020.2.7f1\Editor\Unity.exe
-adb2
-batchMode
-noUpm
-name
AssetImportWorker0
-projectPath
C:/Users/spide/Documents/Github/Testpiano/Input-Output2021/InputOutput2021
-logFile
Logs/AssetImportWorker0.log
-srvPort
50835
Successfully changed project path to: C:/Users/spide/Documents/Github/Testpiano/Input-Output2021/InputOutput2021
C:/Users/spide/Documents/Github/Testpiano/Input-Output2021/InputOutput2021
Using Asset Import Pipeline V2.
Refreshing native plugins compatible for Editor in 261.53 ms, found 3 plugins.
Preloading 1 native plugins for Editor in 1.01 ms.
Initialize engine version: 2020.2.7f1 (c53830e277f1)
[Subsystems] Discovering subsystems at path C:/Program Files/Unity/Hub/Editor/2020.2.7f1/Editor/Data/Resources/UnitySubsystems
[Subsystems] Discovering subsystems at path C:/Users/spide/Documents/Github/Testpiano/Input-Output2021/InputOutput2021/Assets
GfxDevice: creating device client; threaded=0
Direct3D:
    Version:  Direct3D 11.0 [level 11.1]
    Renderer: NVIDIA GeForce RTX 2060 (ID=0x1f51)
    Vendor:   
    VRAM:     5980 MB
    Driver:   27.21.14.6140
Initialize mono
Mono path[0] = 'C:/Program Files/Unity/Hub/Editor/2020.2.7f1/Editor/Data/Managed'
Mono path[1] = 'C:/Program Files/Unity/Hub/Editor/2020.2.7f1/Editor/Data/MonoBleedingEdge/lib/mono/unityjit'
Mono config path = 'C:/Program Files/Unity/Hub/Editor/2020.2.7f1/Editor/Data/MonoBleedingEdge/etc'
Using monoOptions --debugger-agent=transport=dt_socket,embedding=1,server=y,suspend=n,address=127.0.0.1:56444
Begin MonoManager ReloadAssembly
Registering precompiled unity dll's ...
Register platform support module: C:/Program Files/Unity/Hub/Editor/2020.2.7f1/Editor/Data/PlaybackEngines/WindowsStandaloneSupport/UnityEditor.WindowsStandalone.Extensions.dll
Registered in 0.001822 seconds.
Native extension for WindowsStandalone target not found
Refreshing native plugins compatible for Editor in 51.21 ms, found 3 plugins.
Preloading 1 native plugins for Editor in 0.11 ms.
Unable to find bridge dll in registry for Microsoft Visual Studio Tools for Unity for C:/Program Files (x86)/Microsoft Visual Studio/2019/Community/Common7/IDE/devenv.exe
Invoked RoslynAnalysisRunner static constructor.
RoslynAnalysisRunner will not be running.
RoslynAnalysisRunner has terminated.
Mono: successfully reloaded assembly
- Completed reload, in  1.651 seconds
Platform modules already initialized, skipping
Registering precompiled user dll's ...
Registered in 0.002564 seconds.
Begin MonoManager ReloadAssembly
Native extension for WindowsStandalone target not found
Refreshing native plugins compatible for Editor in 52.07 ms, found 3 plugins.
Preloading 1 native plugins for Editor in 0.11 ms.
Invoked RoslynAnalysisRunner static constructor.
RoslynAnalysisRunner will not be running.
RoslynAnalysisRunner has terminated.
[XR] OculusXRPlugin: registering subsystems
[XR] Unable to register display lifecyle provider: [1]
[XR] Oculus Input lifecycle provider registered.
[XR] Unable to register input lifecyle provider: [1]
NullReferenceException: Object reference not set to an instance of an object
  at Unity.XR.Oculus.OculusLoader.AssetPathToAbsolutePath (System.String assetPath) [0x00048] in C:\Users\spide\Documents\Github\Testpiano\Input-Output2021\InputOutput2021\Library\PackageCache\com.unity.xr.oculus@1.8.1\Runtime\OculusLoader.cs:243 
  at Unity.XR.Oculus.OculusLoader.EditorLoadOVRPlugin () [0x0007b] in C:\Users\spide\Documents\Github\Testpiano\Input-Output2021\InputOutput2021\Library\PackageCache\com.unity.xr.oculus@1.8.1\Runtime\OculusLoader.cs:228 

(Filename: Library/PackageCache/com.unity.xr.oculus@1.8.1/Runtime/OculusLoader.cs Line: 243)

Mono: successfully reloaded assembly
- Completed reload, in  1.040 seconds
Platform modules already initialized, skipping
========================================================================
Worker process is ready to serve import requests
Shader 'Universal Render Pipeline/Particles/Lit': fallback shader 'Universal Render Pipeline/Particles/SimpleLit' not found
Shader 'Universal Render Pipeline/Particles/Lit': fallback shader 'Universal Render Pipeline/Particles/SimpleLit' not found
Launched and connected shader compiler UnityShaderCompiler.exe after 0.06 seconds
Refreshing native plugins compatible for Editor in 0.56 ms, found 3 plugins.
Preloading 1 native plugins for Editor in 0.08 ms.
Unloading 2924 Unused Serialized files (Serialized files now loaded: 0)
System memory in use before: 129.8 MB.
System memory in use after: 127.6 MB.

Unloading 48 unused Assets to reduce memory usage. Loaded Objects now: 3333.
Total: 3.672700 ms (FindLiveObjects: 0.277000 ms CreateObjectMapping: 0.162600 ms MarkObjects: 1.997700 ms  DeleteObjects: 1.234200 ms)

========================================================================
Received Import Request.
  path: Assets/Controller.prefab
  artifactKey: Guid(b0643da1d3c4d6442872c4a57dd20843) Importer(815301076,1909f56bfc062723c751e8b465ee728b)
Start importing Assets/Controller.prefab using Guid(b0643da1d3c4d6442872c4a57dd20843) Importer(815301076,1909f56bfc062723c751e8b465ee728b)  -> (artifact id: 'a92a27957a7870cab84fdcb52de2e2f1') in 0.240317 seconds
  Import took 0.244942 seconds .

========================================================================
Received Prepare
Registering precompiled user dll's ...
Registered in 0.003163 seconds.
Begin MonoManager ReloadAssembly
Native extension for WindowsStandalone target not found
Refreshing native plugins compatible for Editor in 0.54 ms, found 3 plugins.
Preloading 1 native plugins for Editor in 0.09 ms.
Invoked RoslynAnalysisRunner static constructor.
RoslynAnalysisRunner will not be running.
RoslynAnalysisRunner has terminated.
NullReferenceException: Object reference not set to an instance of an object
  at Unity.XR.Oculus.OculusLoader.AssetPathToAbsolutePath (System.String assetPath) [0x00048] in C:\Users\spide\Documents\Github\Testpiano\Input-Output2021\InputOutput2021\Library\PackageCache\com.unity.xr.oculus@1.8.1\Runtime\OculusLoader.cs:243 
  at Unity.XR.Oculus.OculusLoader.EditorLoadOVRPlugin () [0x0007b] in C:\Users\spide\Documents\Github\Testpiano\Input-Output2021\InputOutput2021\Library\PackageCache\com.unity.xr.oculus@1.8.1\Runtime\OculusLoader.cs:228 

(Filename: Library/PackageCache/com.unity.xr.oculus@1.8.1/Runtime/OculusLoader.cs Line: 243)

Mono: successfully reloaded assembly
- Completed reload, in  0.950 seconds
Platform modules already initialized, skipping
Shader 'Universal Render Pipeline/Particles/Lit': fallback shader 'Universal Render Pipeline/Particles/SimpleLit' not found
Shader 'Universal Render Pipeline/Particles/Lit': fallback shader 'Universal Render Pipeline/Particles/SimpleLit' not found
Refreshing native plugins compatible for Editor in 0.55 ms, found 3 plugins.
Preloading 1 native plugins for Editor in 0.09 ms.
Unloading 2837 Unused Serialized files (Serialized files now loaded: 0)
System memory in use before: 131.6 MB.
System memory in use after: 129.4 MB.

Unloading 41 unused Assets to reduce memory usage. Loaded Objects now: 3383.
Total: 3.990000 ms (FindLiveObjects: 0.288500 ms CreateObjectMapping: 0.170900 ms MarkObjects: 2.371200 ms  DeleteObjects: 1.158600 ms)

========================================================================
Received Import Request.
  Time since last request: 112.980413 seconds.
  path: Assets/Controller.prefab
  artifactKey: Guid(b0643da1d3c4d6442872c4a57dd20843) Importer(815301076,1909f56bfc062723c751e8b465ee728b)
Start importing Assets/Controller.prefab using Guid(b0643da1d3c4d6442872c4a57dd20843) Importer(815301076,1909f56bfc062723c751e8b465ee728b)  -> (artifact id: 'e6559a8fe15ed067049e2a6d508dd621') in 0.162811 seconds
  Import took 0.170306 seconds .

========================================================================
Received Import Request.
  Time since last request: 0.000226 seconds.
  path: Assets/Controller.prefab
  artifactKey: Guid(b0643da1d3c4d6442872c4a57dd20843) Importer(815301076,1909f56bfc062723c751e8b465ee728b)
Start importing Assets/Controller.prefab using Guid(b0643da1d3c4d6442872c4a57dd20843) Importer(815301076,1909f56bfc062723c751e8b465ee728b)  -> (artifact id: '5aa4b420dc80c5c8dd42c7661af4fb7d') in 0.008701 seconds
  Import took 0.013170 seconds .

========================================================================
Received Import Request.
  Time since last request: 3.413068 seconds.
  path: Assets/Controller.prefab
  artifactKey: Guid(b0643da1d3c4d6442872c4a57dd20843) Importer(815301076,1909f56bfc062723c751e8b465ee728b)
Start importing Assets/Controller.prefab using Guid(b0643da1d3c4d6442872c4a57dd20843) Importer(815301076,1909f56bfc062723c751e8b465ee728b)  -> (artifact id: 'c4b1e10509f3e06d089bcbc1fa206562') in 0.010606 seconds
  Import took 0.015633 seconds .

========================================================================
Received Import Request.
  Time since last request: 6.582049 seconds.
  path: Assets/Controller.prefab
  artifactKey: Guid(b0643da1d3c4d6442872c4a57dd20843) Importer(815301076,1909f56bfc062723c751e8b465ee728b)
Start importing Assets/Controller.prefab using Guid(b0643da1d3c4d6442872c4a57dd20843) Importer(815301076,1909f56bfc062723c751e8b465ee728b)  -> (artifact id: '4632c753916933a6dcfee8a0444cc2f3') in 0.018249 seconds
  Import took 0.023362 seconds .

========================================================================
Received Import Request.
  Time since last request: 1.976083 seconds.
  path: Assets/Controller.prefab
  artifactKey: Guid(b0643da1d3c4d6442872c4a57dd20843) Importer(815301076,1909f56bfc062723c751e8b465ee728b)
Start importing Assets/Controller.prefab using Guid(b0643da1d3c4d6442872c4a57dd20843) Importer(815301076,1909f56bfc062723c751e8b465ee728b)  -> (artifact id: 'cb69eea7d1cc3a1a1d902c7b76f1bc58') in 0.012415 seconds
  Import took 0.018389 seconds .

========================================================================
Received Import Request.
  Time since last request: 14.464909 seconds.
  path: Assets/Controller.prefab
  artifactKey: Guid(b0643da1d3c4d6442872c4a57dd20843) Importer(815301076,1909f56bfc062723c751e8b465ee728b)
Start importing Assets/Controller.prefab using Guid(b0643da1d3c4d6442872c4a57dd20843) Importer(815301076,1909f56bfc062723c751e8b465ee728b)  -> (artifact id: 'f5653d811bff2c3627df1bc4b2b90c92') in 0.015615 seconds
  Import took 0.023017 seconds .

========================================================================
Received Prepare
Registering precompiled user dll's ...
Registered in 0.002575 seconds.
Begin MonoManager ReloadAssembly
Native extension for WindowsStandalone target not found
Refreshing native plugins compatible for Editor in 0.52 ms, found 3 plugins.
Preloading 1 native plugins for Editor in 0.09 ms.
Invoked RoslynAnalysisRunner static constructor.
RoslynAnalysisRunner will not be running.
RoslynAnalysisRunner has terminated.
NullReferenceException: Object reference not set to an instance of an object
  at Unity.XR.Oculus.OculusLoader.AssetPathToAbsolutePath (System.String assetPath) [0x00048] in C:\Users\spide\Documents\Github\Testpiano\Input-Output2021\InputOutput2021\Library\PackageCache\com.unity.xr.oculus@1.8.1\Runtime\OculusLoader.cs:243 
  at Unity.XR.Oculus.OculusLoader.EditorLoadOVRPlugin () [0x0007b] in C:\Users\spide\Documents\Github\Testpiano\Input-Output2021\InputOutput2021\Library\PackageCache\com.unity.xr.oculus@1.8.1\Runtime\OculusLoader.cs:228 

(Filename: Library/PackageCache/com.unity.xr.oculus@1.8.1/Runtime/OculusLoader.cs Line: 243)

Mono: successfully reloaded assembly
- Completed reload, in  0.914 seconds
Platform modules already initialized, skipping
Shader 'Universal Render Pipeline/Particles/Lit': fallback shader 'Universal Render Pipeline/Particles/SimpleLit' not found
Shader 'Universal Render Pipeline/Particles/Lit': fallback shader 'Universal Render Pipeline/Particles/SimpleLit' not found
Refreshing native plugins compatible for Editor in 0.56 ms, found 3 plugins.
Preloading 1 native plugins for Editor in 0.09 ms.
Unloading 2837 Unused Serialized files (Serialized files now loaded: 0)
System memory in use before: 131.8 MB.
System memory in use after: 129.6 MB.

Unloading 41 unused Assets to reduce memory usage. Loaded Objects now: 3423.
Total: 3.936900 ms (FindLiveObjects: 0.305300 ms CreateObjectMapping: 0.147300 ms MarkObjects: 2.265900 ms  DeleteObjects: 1.217500 ms)

========================================================================
Received Import Request.
  Time since last request: 982.206529 seconds.
  path: Assets
  artifactKey: Guid(00000000000000001000000000000000) Importer(815301076,1909f56bfc062723c751e8b465ee728b)
Start importing Assets using Guid(00000000000000001000000000000000) Importer(815301076,1909f56bfc062723c751e8b465ee728b)  -> (artifact id: 'f89434ac489deb914593f829e0a47671') in 0.014223 seconds
  Import took 0.023252 seconds .

========================================================================
Received Prepare
Registering precompiled user dll's ...
Registered in 0.002647 seconds.
Begin MonoManager ReloadAssembly
Native extension for WindowsStandalone target not found
Refreshing native plugins compatible for Editor in 0.51 ms, found 3 plugins.
Preloading 1 native plugins for Editor in 0.09 ms.
Invoked RoslynAnalysisRunner static constructor.
RoslynAnalysisRunner will not be running.
RoslynAnalysisRunner has terminated.
NullReferenceException: Object reference not set to an instance of an object
  at Unity.XR.Oculus.OculusLoader.AssetPathToAbsolutePath (System.String assetPath) [0x00048] in C:\Users\spide\Documents\Github\Testpiano\Input-Output2021\InputOutput2021\Library\PackageCache\com.unity.xr.oculus@1.8.1\Runtime\OculusLoader.cs:243 
  at Unity.XR.Oculus.OculusLoader.EditorLoadOVRPlugin () [0x0007b] in C:\Users\spide\Documents\Github\Testpiano\Input-Output2021\InputOutput2021\Library\PackageCache\com.unity.xr.oculus@1.8.1\Runtime\OculusLoader.cs:228 

(Filename: Library/PackageCache/com.unity.xr.oculus@1.8.1/Runtime/OculusLoader.cs Line: 243)

Mono: successfully reloaded assembly
- Completed reload, in  0.902 seconds
Platform modules already initialized, skipping
Shader 'Universal Render Pipeline/Particles/Lit': fallback shader 'Universal Render Pipeline/Particles/SimpleLit' not found
Shader 'Universal Render Pipeline/Particles/Lit': fallback shader 'Universal Render Pipeline/Particles/SimpleLit' not found
Refreshing native plugins compatible for Editor in 0.55 ms, found 3 plugins.
Preloading 1 native plugins for Editor in 0.09 ms.
Unloading 2837 Unused Serialized files (Serialized files now loaded: 0)
System memory in use before: 131.8 MB.
System memory in use after: 129.6 MB.

Unloading 41 unused Assets to reduce memory usage. Loaded Objects now: 3427.
Total: 4.553600 ms (FindLiveObjects: 0.345600 ms CreateObjectMapping: 0.144100 ms MarkObjects: 2.755600 ms  DeleteObjects: 1.307500 ms)

========================================================================
Received Import Request.
  Time since last request: 11.970294 seconds.
  path: Assets/Prefabs
  artifactKey: Guid(8548703b77ee50845884a56aa09ca286) Importer(815301076,1909f56bfc062723c751e8b465ee728b)
Start importing Assets/Prefabs using Guid(8548703b77ee50845884a56aa09ca286) Importer(815301076,1909f56bfc062723c751e8b465ee728b)  -> (artifact id: 'ba61bff029416d8fe0947f5de35ceeac') in 0.010377 seconds
  Import took 0.014942 seconds .

========================================================================
Received Import Request.
  Time since last request: 32.402707 seconds.
  path: Assets/Models
  artifactKey: Guid(a180db0582f6b214fb6e66c12550a058) Importer(815301076,1909f56bfc062723c751e8b465ee728b)
Start importing Assets/Models using Guid(a180db0582f6b214fb6e66c12550a058) Importer(815301076,1909f56bfc062723c751e8b465ee728b)  -> (artifact id: '1d32b5269b688047574d7399c8032a43') in 0.007252 seconds
  Import took 0.013310 seconds .

========================================================================
Received Import Request.
  Time since last request: 10.254440 seconds.
  path: Assets/Materials/New Material 1.mat
  artifactKey: Guid(4fcc503a39923a94a940ba8629ab9d41) Importer(815301076,1909f56bfc062723c751e8b465ee728b)
Start importing Assets/Materials/New Material 1.mat using Guid(4fcc503a39923a94a940ba8629ab9d41) Importer(815301076,1909f56bfc062723c751e8b465ee728b)  -> (artifact id: 'df7c5ab368e71f996d660adf31649de5') in 0.196239 seconds
  Import took 0.203097 seconds .

========================================================================
Received Import Request.
  Time since last request: 0.072211 seconds.
  path: Assets/Materials/New Material 1.mat
  artifactKey: Guid(4fcc503a39923a94a940ba8629ab9d41) Importer(815301076,1909f56bfc062723c751e8b465ee728b)
Start importing Assets/Materials/New Material 1.mat using Guid(4fcc503a39923a94a940ba8629ab9d41) Importer(815301076,1909f56bfc062723c751e8b465ee728b)  -> (artifact id: '676900d0d7ae977d4ea9311f15168141') in 0.010185 seconds
  Import took 0.017345 seconds .

========================================================================
Received Import Request.
  Time since last request: 0.018427 seconds.
  path: Assets/Materials/New Material 1.mat
  artifactKey: Guid(4fcc503a39923a94a940ba8629ab9d41) Importer(815301076,1909f56bfc062723c751e8b465ee728b)
Start importing Assets/Materials/New Material 1.mat using Guid(4fcc503a39923a94a940ba8629ab9d41) Importer(815301076,1909f56bfc062723c751e8b465ee728b)  -> (artifact id: '676900d0d7ae977d4ea9311f15168141') in 0.011311 seconds
  Import took 0.015731 seconds .

========================================================================
Received Import Request.
  Time since last request: 66.993295 seconds.
  path: Assets/Models/oculus_cv1_controller_left
  artifactKey: Guid(40031828bbcbb7e479203ffa408cab3f) Importer(815301076,1909f56bfc062723c751e8b465ee728b)
Start importing Assets/Models/oculus_cv1_controller_left using Guid(40031828bbcbb7e479203ffa408cab3f) Importer(815301076,1909f56bfc062723c751e8b465ee728b)  -> (artifact id: 'dcf03c5ef6257c56ddb71a3b558727af') in 0.007213 seconds
  Import took 0.012402 seconds .

========================================================================
Received Import Request.
  Time since last request: 0.722904 seconds.
  path: Assets/Models/oculus_cv1_controller_left/external_controller01_col.png
  artifactKey: Guid(a56b140b2c3c3a44cb843306cc31fb03) Importer(815301076,1909f56bfc062723c751e8b465ee728b)
Start importing Assets/Models/oculus_cv1_controller_left/external_controller01_col.png using Guid(a56b140b2c3c3a44cb843306cc31fb03) Importer(815301076,1909f56bfc062723c751e8b465ee728b)  -> (artifact id: '45a260df6f2b51bbc44ab467089b0bdd') in 0.027911 seconds
  Import took 0.032586 seconds .

========================================================================
Received Import Request.
  Time since last request: 0.000274 seconds.
  path: Assets/Models/oculus_cv1_controller_left/oculus_cv1_controller_left_thumbstick.obj
  artifactKey: Guid(f8e42bca90bb2e8419e413d5e78c4d8b) Importer(815301076,1909f56bfc062723c751e8b465ee728b)
Start importing Assets/Models/oculus_cv1_controller_left/oculus_cv1_controller_left_thumbstick.obj using Guid(f8e42bca90bb2e8419e413d5e78c4d8b) Importer(815301076,1909f56bfc062723c751e8b465ee728b)  -> (artifact id: 'd08e71e9be80e1aa308889141daf96d0') in 0.287994 seconds
  Import took 0.292677 seconds .

========================================================================
Received Import Request.
  Time since last request: 0.000289 seconds.
  path: Assets/Models/oculus_cv1_controller_left/oculus_cv1_controller_left_button_enter.obj
  artifactKey: Guid(4f85805803d3bf94c9e76af6218783f2) Importer(815301076,1909f56bfc062723c751e8b465ee728b)
Start importing Assets/Models/oculus_cv1_controller_left/oculus_cv1_controller_left_button_enter.obj using Guid(4f85805803d3bf94c9e76af6218783f2) Importer(815301076,1909f56bfc062723c751e8b465ee728b)  -> (artifact id: '3ba4eab7fdf01bc96ca80a3a0c11b21a') in 0.052480 seconds
  Import took 0.057241 seconds .

========================================================================
Received Import Request.
  Time since last request: 0.000205 seconds.
  path: Assets/Models/oculus_cv1_controller_left/external_controller01_spec.png
  artifactKey: Guid(e4d0a4da081af20418e6e83f33ff5a2c) Importer(815301076,1909f56bfc062723c751e8b465ee728b)
Start importing Assets/Models/oculus_cv1_controller_left/external_controller01_spec.png using Guid(e4d0a4da081af20418e6e83f33ff5a2c) Importer(815301076,1909f56bfc062723c751e8b465ee728b)  -> (artifact id: '400932b6c7721e7c614f0a7a529d35ef') in 0.018290 seconds
  Import took 0.023352 seconds .

========================================================================
Received Import Request.
  Time since last request: 0.000261 seconds.
  path: Assets/Models/oculus_cv1_controller_left/oculus_cv1_controller_left.obj
  artifactKey: Guid(431ae025fbc80f24c9523e882170bb8d) Importer(815301076,1909f56bfc062723c751e8b465ee728b)
Start importing Assets/Models/oculus_cv1_controller_left/oculus_cv1_controller_left.obj using Guid(431ae025fbc80f24c9523e882170bb8d) Importer(815301076,1909f56bfc062723c751e8b465ee728b)  -> (artifact id: '928e108c48a8c572f114f3a1cb643bd2') in 0.042575 seconds
  Import took 0.046770 seconds .

========================================================================
Received Import Request.
  Time since last request: 0.000223 seconds.
  path: Assets/Models/oculus_cv1_controller_left/oculus_cv1_controller_left_body.obj
  artifactKey: Guid(0c41f7e583dec7d4ea946eb6978528ea) Importer(815301076,1909f56bfc062723c751e8b465ee728b)
Start importing Assets/Models/oculus_cv1_controller_left/oculus_cv1_controller_left_body.obj using Guid(0c41f7e583dec7d4ea946eb6978528ea) Importer(815301076,1909f56bfc062723c751e8b465ee728b)  -> (artifact id: 'dbfe51737a6a6e4caa9c1e9202845c4f') in 0.041805 seconds
  Import took 0.045733 seconds .

========================================================================
Received Import Request.
  Time since last request: 0.000323 seconds.
  path: Assets/Models/oculus_cv1_controller_left/oculus_cv1_controller_left_trigger.obj
  artifactKey: Guid(cb94032bf0b018448b5042de468cc885) Importer(815301076,1909f56bfc062723c751e8b465ee728b)
Start importing Assets/Models/oculus_cv1_controller_left/oculus_cv1_controller_left_trigger.obj using Guid(cb94032bf0b018448b5042de468cc885) Importer(815301076,1909f56bfc062723c751e8b465ee728b)  -> (artifact id: '30489c93cbc1daf1653a6f2d24dce03f') in 0.040876 seconds
  Import took 0.044795 seconds .

========================================================================
Received Import Request.
  Time since last request: 0.000292 seconds.
  path: Assets/Models/oculus_cv1_controller_left/oculus_cv1_controller_left_button_y.obj
  artifactKey: Guid(96a75e015d054a74eb20815369495eef) Importer(815301076,1909f56bfc062723c751e8b465ee728b)
Start importing Assets/Models/oculus_cv1_controller_left/oculus_cv1_controller_left_button_y.obj using Guid(96a75e015d054a74eb20815369495eef) Importer(815301076,1909f56bfc062723c751e8b465ee728b)  -> (artifact id: 'e9b659ce0942c6e0fde07bc1917d3a0d') in 0.044888 seconds
  Import took 0.049118 seconds .

========================================================================
Received Import Request.
  Time since last request: 0.000281 seconds.
  path: Assets/Models/oculus_cv1_controller_left/oculus_cv1_controller_left_grip.obj
  artifactKey: Guid(dc49c0b4c93df2c468e412ef3b277c02) Importer(815301076,1909f56bfc062723c751e8b465ee728b)
Start importing Assets/Models/oculus_cv1_controller_left/oculus_cv1_controller_left_grip.obj using Guid(dc49c0b4c93df2c468e412ef3b277c02) Importer(815301076,1909f56bfc062723c751e8b465ee728b)  -> (artifact id: '80ef2b680f3fa24e1ed23557a3c781b9') in 0.038974 seconds
  Import took 0.042916 seconds .

========================================================================
Received Import Request.
  Time since last request: 0.000310 seconds.
  path: Assets/Models/oculus_cv1_controller_left/oculus_cv1_controller_left_button_x.obj
  artifactKey: Guid(970c4ae464bd3a341a75307f95683551) Importer(815301076,1909f56bfc062723c751e8b465ee728b)
Start importing Assets/Models/oculus_cv1_controller_left/oculus_cv1_controller_left_button_x.obj using Guid(970c4ae464bd3a341a75307f95683551) Importer(815301076,1909f56bfc062723c751e8b465ee728b)  -> (artifact id: '581b4e3fbd4855281d76acedf2ba75d3') in 0.033522 seconds
  Import took 0.037717 seconds .

========================================================================
Received Prepare
Registering precompiled user dll's ...
Registered in 0.002678 seconds.
Begin MonoManager ReloadAssembly
Native extension for WindowsStandalone target not found
Refreshing native plugins compatible for Editor in 0.53 ms, found 3 plugins.
Preloading 1 native plugins for Editor in 0.09 ms.
Invoked RoslynAnalysisRunner static constructor.
RoslynAnalysisRunner will not be running.
RoslynAnalysisRunner has terminated.
NullReferenceException: Object reference not set to an instance of an object
  at Unity.XR.Oculus.OculusLoader.AssetPathToAbsolutePath (System.String assetPath) [0x00048] in C:\Users\spide\Documents\Github\Testpiano\Input-Output2021\InputOutput2021\Library\PackageCache\com.unity.xr.oculus@1.8.1\Runtime\OculusLoader.cs:243 
  at Unity.XR.Oculus.OculusLoader.EditorLoadOVRPlugin () [0x0007b] in C:\Users\spide\Documents\Github\Testpiano\Input-Output2021\InputOutput2021\Library\PackageCache\com.unity.xr.oculus@1.8.1\Runtime\OculusLoader.cs:228 

(Filename: Library/PackageCache/com.unity.xr.oculus@1.8.1/Runtime/OculusLoader.cs Line: 243)

Mono: successfully reloaded assembly
- Completed reload, in  0.918 seconds
Platform modules already initialized, skipping
Shader 'Universal Render Pipeline/Particles/Lit': fallback shader 'Universal Render Pipeline/Particles/SimpleLit' not found
Shader 'Universal Render Pipeline/Particles/Lit': fallback shader 'Universal Render Pipeline/Particles/SimpleLit' not found
Refreshing native plugins compatible for Editor in 0.53 ms, found 3 plugins.
Preloading 1 native plugins for Editor in 0.08 ms.
Unloading 2838 Unused Serialized files (Serialized files now loaded: 0)
System memory in use before: 132.9 MB.
System memory in use after: 130.7 MB.

Unloading 41 unused Assets to reduce memory usage. Loaded Objects now: 3508.
Total: 3.713900 ms (FindLiveObjects: 0.301000 ms CreateObjectMapping: 0.167100 ms MarkObjects: 2.018300 ms  DeleteObjects: 1.226400 ms)

========================================================================
Received Import Request.
  Time since last request: 169.511396 seconds.
  path: Assets/Scripts
  artifactKey: Guid(02a3527b6b33a924e8ec66aa805ea717) Importer(815301076,1909f56bfc062723c751e8b465ee728b)
Start importing Assets/Scripts using Guid(02a3527b6b33a924e8ec66aa805ea717) Importer(815301076,1909f56bfc062723c751e8b465ee728b)  -> (artifact id: '587525caa5c968eb500583c6c87fd323') in 0.011173 seconds
  Import took 0.015903 seconds .

========================================================================
Received Prepare
Registering precompiled user dll's ...
Registered in 0.002590 seconds.
Begin MonoManager ReloadAssembly
Native extension for WindowsStandalone target not found
Refreshing native plugins compatible for Editor in 0.51 ms, found 3 plugins.
Preloading 1 native plugins for Editor in 0.08 ms.
Invoked RoslynAnalysisRunner static constructor.
RoslynAnalysisRunner will not be running.
RoslynAnalysisRunner has terminated.
NullReferenceException: Object reference not set to an instance of an object
  at Unity.XR.Oculus.OculusLoader.AssetPathToAbsolutePath (System.String assetPath) [0x00048] in C:\Users\spide\Documents\Github\Testpiano\Input-Output2021\InputOutput2021\Library\PackageCache\com.unity.xr.oculus@1.8.1\Runtime\OculusLoader.cs:243 
  at Unity.XR.Oculus.OculusLoader.EditorLoadOVRPlugin () [0x0007b] in C:\Users\spide\Documents\Github\Testpiano\Input-Output2021\InputOutput2021\Library\PackageCache\com.unity.xr.oculus@1.8.1\Runtime\OculusLoader.cs:228 

(Filename: Library/PackageCache/com.unity.xr.oculus@1.8.1/Runtime/OculusLoader.cs Line: 243)

Mono: successfully reloaded assembly
- Completed reload, in  0.908 seconds
Platform modules already initialized, skipping
Shader 'Universal Render Pipeline/Particles/Lit': fallback shader 'Universal Render Pipeline/Particles/SimpleLit' not found
Shader 'Universal Render Pipeline/Particles/Lit': fallback shader 'Universal Render Pipeline/Particles/SimpleLit' not found
Refreshing native plugins compatible for Editor in 0.52 ms, found 3 plugins.
Preloading 1 native plugins for Editor in 0.08 ms.
Unloading 2838 Unused Serialized files (Serialized files now loaded: 0)
System memory in use before: 132.9 MB.
System memory in use after: 130.7 MB.

Unloading 41 unused Assets to reduce memory usage. Loaded Objects now: 3512.
Total: 4.046100 ms (FindLiveObjects: 0.287800 ms CreateObjectMapping: 0.156500 ms MarkObjects: 2.236800 ms  DeleteObjects: 1.363800 ms)

========================================================================
Received Import Request.
  Time since last request: 27.619056 seconds.
  path: Assets/Scripts/HandPresance.cs
  artifactKey: Guid(4318521d9ca36464fb37ce1ddfdc26e2) Importer(815301076,1909f56bfc062723c751e8b465ee728b)
Start importing Assets/Scripts/HandPresance.cs using Guid(4318521d9ca36464fb37ce1ddfdc26e2) Importer(815301076,1909f56bfc062723c751e8b465ee728b)  -> (artifact id: 'c8568c0d24c9701e2b5f474f51b7c6bf') in 0.016703 seconds
  Import took 0.021606 seconds .

========================================================================
Received Prepare
Registering precompiled user dll's ...
Registered in 0.002733 seconds.
Begin MonoManager ReloadAssembly
Native extension for WindowsStandalone target not found
Refreshing native plugins compatible for Editor in 0.55 ms, found 3 plugins.
Preloading 1 native plugins for Editor in 0.09 ms.
Invoked RoslynAnalysisRunner static constructor.
RoslynAnalysisRunner will not be running.
RoslynAnalysisRunner has terminated.
NullReferenceException: Object reference not set to an instance of an object
  at Unity.XR.Oculus.OculusLoader.AssetPathToAbsolutePath (System.String assetPath) [0x00048] in C:\Users\spide\Documents\Github\Testpiano\Input-Output2021\InputOutput2021\Library\PackageCache\com.unity.xr.oculus@1.8.1\Runtime\OculusLoader.cs:243 
  at Unity.XR.Oculus.OculusLoader.EditorLoadOVRPlugin () [0x0007b] in C:\Users\spide\Documents\Github\Testpiano\Input-Output2021\InputOutput2021\Library\PackageCache\com.unity.xr.oculus@1.8.1\Runtime\OculusLoader.cs:228 

(Filename: Library/PackageCache/com.unity.xr.oculus@1.8.1/Runtime/OculusLoader.cs Line: 243)

Mono: successfully reloaded assembly
- Completed reload, in  0.947 seconds
Platform modules already initialized, skipping
Shader 'Universal Render Pipeline/Particles/Lit': fallback shader 'Universal Render Pipeline/Particles/SimpleLit' not found
Shader 'Universal Render Pipeline/Particles/Lit': fallback shader 'Universal Render Pipeline/Particles/SimpleLit' not found
Refreshing native plugins compatible for Editor in 0.55 ms, found 3 plugins.
Preloading 1 native plugins for Editor in 0.09 ms.
Unloading 2837 Unused Serialized files (Serialized files now loaded: 0)
System memory in use before: 132.9 MB.
System memory in use after: 130.7 MB.

Unloading 42 unused Assets to reduce memory usage. Loaded Objects now: 3515.
Total: 4.598500 ms (FindLiveObjects: 0.345400 ms CreateObjectMapping: 0.226500 ms MarkObjects: 2.501600 ms  DeleteObjects: 1.523900 ms)

========================================================================
Received Prepare
Registering precompiled user dll's ...
Registered in 0.003614 seconds.
Begin MonoManager ReloadAssembly
Native extension for WindowsStandalone target not found
Refreshing native plugins compatible for Editor in 0.53 ms, found 3 plugins.
Preloading 1 native plugins for Editor in 0.09 ms.
Invoked RoslynAnalysisRunner static constructor.
RoslynAnalysisRunner will not be running.
RoslynAnalysisRunner has terminated.
NullReferenceException: Object reference not set to an instance of an object
  at Unity.XR.Oculus.OculusLoader.AssetPathToAbsolutePath (System.String assetPath) [0x00048] in C:\Users\spide\Documents\Github\Testpiano\Input-Output2021\InputOutput2021\Library\PackageCache\com.unity.xr.oculus@1.8.1\Runtime\OculusLoader.cs:243 
  at Unity.XR.Oculus.OculusLoader.EditorLoadOVRPlugin () [0x0007b] in C:\Users\spide\Documents\Github\Testpiano\Input-Output2021\InputOutput2021\Library\PackageCache\com.unity.xr.oculus@1.8.1\Runtime\OculusLoader.cs:228 

(Filename: Library/PackageCache/com.unity.xr.oculus@1.8.1/Runtime/OculusLoader.cs Line: 243)

Mono: successfully reloaded assembly
- Completed reload, in  0.965 seconds
Platform modules already initialized, skipping
Shader 'Universal Render Pipeline/Particles/Lit': fallback shader 'Universal Render Pipeline/Particles/SimpleLit' not found
Shader 'Universal Render Pipeline/Particles/Lit': fallback shader 'Universal Render Pipeline/Particles/SimpleLit' not found
Refreshing native plugins compatible for Editor in 0.54 ms, found 3 plugins.
Preloading 1 native plugins for Editor in 0.09 ms.
Unloading 2838 Unused Serialized files (Serialized files now loaded: 0)
System memory in use before: 133.0 MB.
System memory in use after: 130.8 MB.

Unloading 41 unused Assets to reduce memory usage. Loaded Objects now: 3520.
Total: 4.086700 ms (FindLiveObjects: 0.346000 ms CreateObjectMapping: 0.212800 ms MarkObjects: 2.155800 ms  DeleteObjects: 1.371300 ms)

========================================================================
Received Prepare
Registering precompiled user dll's ...
Registered in 0.002818 seconds.
Begin MonoManager ReloadAssembly
Native extension for WindowsStandalone target not found
Refreshing native plugins compatible for Editor in 0.54 ms, found 3 plugins.
Preloading 1 native plugins for Editor in 0.10 ms.
Invoked RoslynAnalysisRunner static constructor.
RoslynAnalysisRunner will not be running.
RoslynAnalysisRunner has terminated.
NullReferenceException: Object reference not set to an instance of an object
  at Unity.XR.Oculus.OculusLoader.AssetPathToAbsolutePath (System.String assetPath) [0x00048] in C:\Users\spide\Documents\Github\Testpiano\Input-Output2021\InputOutput2021\Library\PackageCache\com.unity.xr.oculus@1.8.1\Runtime\OculusLoader.cs:243 
  at Unity.XR.Oculus.OculusLoader.EditorLoadOVRPlugin () [0x0007b] in C:\Users\spide\Documents\Github\Testpiano\Input-Output2021\InputOutput2021\Library\PackageCache\com.unity.xr.oculus@1.8.1\Runtime\OculusLoader.cs:228 

(Filename: Library/PackageCache/com.unity.xr.oculus@1.8.1/Runtime/OculusLoader.cs Line: 243)

Mono: successfully reloaded assembly
- Completed reload, in  0.954 seconds
Platform modules already initialized, skipping
Shader 'Universal Render Pipeline/Particles/Lit': fallback shader 'Universal Render Pipeline/Particles/SimpleLit' not found
Shader 'Universal Render Pipeline/Particles/Lit': fallback shader 'Universal Render Pipeline/Particles/SimpleLit' not found
Refreshing native plugins compatible for Editor in 0.57 ms, found 3 plugins.
Preloading 1 native plugins for Editor in 0.09 ms.
Unloading 2838 Unused Serialized files (Serialized files now loaded: 0)
System memory in use before: 133.0 MB.
System memory in use after: 130.8 MB.

Unloading 41 unused Assets to reduce memory usage. Loaded Objects now: 3524.
Total: 4.322000 ms (FindLiveObjects: 0.305900 ms CreateObjectMapping: 0.193800 ms MarkObjects: 2.404500 ms  DeleteObjects: 1.416200 ms)

========================================================================
Received Import Request.
  Time since last request: 544.574199 seconds.
  path: Assets/Scripts/HandPresence.cs
  artifactKey: Guid(7eee3c1034f820347810db537947cd11) Importer(815301076,1909f56bfc062723c751e8b465ee728b)
Start importing Assets/Scripts/HandPresence.cs using Guid(7eee3c1034f820347810db537947cd11) Importer(815301076,1909f56bfc062723c751e8b465ee728b)  -> (artifact id: '013a2dd86f47c1b520a6ef4ef76a40a8') in 0.010350 seconds
  Import took 0.015556 seconds .

========================================================================
Received Prepare
Registering precompiled user dll's ...
Registered in 0.002592 seconds.
Begin MonoManager ReloadAssembly
Native extension for WindowsStandalone target not found
Refreshing native plugins compatible for Editor in 0.81 ms, found 3 plugins.
Preloading 1 native plugins for Editor in 0.10 ms.
Invoked RoslynAnalysisRunner static constructor.
RoslynAnalysisRunner will not be running.
RoslynAnalysisRunner has terminated.
NullReferenceException: Object reference not set to an instance of an object
  at Unity.XR.Oculus.OculusLoader.AssetPathToAbsolutePath (System.String assetPath) [0x00048] in C:\Users\spide\Documents\Github\Testpiano\Input-Output2021\InputOutput2021\Library\PackageCache\com.unity.xr.oculus@1.8.1\Runtime\OculusLoader.cs:243 
  at Unity.XR.Oculus.OculusLoader.EditorLoadOVRPlugin () [0x0007b] in C:\Users\spide\Documents\Github\Testpiano\Input-Output2021\InputOutput2021\Library\PackageCache\com.unity.xr.oculus@1.8.1\Runtime\OculusLoader.cs:228 

(Filename: Library/PackageCache/com.unity.xr.oculus@1.8.1/Runtime/OculusLoader.cs Line: 243)

Mono: successfully reloaded assembly
- Completed reload, in  0.908 seconds
Platform modules already initialized, skipping
Shader 'Universal Render Pipeline/Particles/Lit': fallback shader 'Universal Render Pipeline/Particles/SimpleLit' not found
Shader 'Universal Render Pipeline/Particles/Lit': fallback shader 'Universal Render Pipeline/Particles/SimpleLit' not found
Refreshing native plugins compatible for Editor in 0.52 ms, found 3 plugins.
Preloading 1 native plugins for Editor in 0.08 ms.
Unloading 2838 Unused Serialized files (Serialized files now loaded: 0)
System memory in use before: 133.0 MB.
System memory in use after: 130.8 MB.

Unloading 41 unused Assets to reduce memory usage. Loaded Objects now: 3528.
Total: 4.135700 ms (FindLiveObjects: 0.315200 ms CreateObjectMapping: 0.147600 ms MarkObjects: 2.279100 ms  DeleteObjects: 1.392700 ms)

========================================================================
Received Import Request.
  Time since last request: 529.182485 seconds.
  path: Assets/Scripts/HandPresence.cs
  artifactKey: Guid(7eee3c1034f820347810db537947cd11) Importer(815301076,1909f56bfc062723c751e8b465ee728b)
Start importing Assets/Scripts/HandPresence.cs using Guid(7eee3c1034f820347810db537947cd11) Importer(815301076,1909f56bfc062723c751e8b465ee728b)  -> (artifact id: '13ef84fdcc75daf57b675d6da3976b64') in 0.005873 seconds
  Import took 0.010429 seconds .

========================================================================
Received Import Request.
  Time since last request: 154.092678 seconds.
  path: Assets/Models/VR Controllers Model-FIXED.unitypackage
  artifactKey: Guid(94cde373047ee2b4c8ad34ad596869e4) Importer(815301076,1909f56bfc062723c751e8b465ee728b)
Start importing Assets/Models/VR Controllers Model-FIXED.unitypackage using Guid(94cde373047ee2b4c8ad34ad596869e4) Importer(815301076,1909f56bfc062723c751e8b465ee728b)  -> (artifact id: 'e836401250da3d38712919968de8031f') in 0.022124 seconds
  Import took 0.027542 seconds .

========================================================================
Received Import Request.
  Time since last request: 782.536301 seconds.
  path: Assets/VR Controllers Models
  artifactKey: Guid(a910cdc2860452242b79e0bdae8baf59) Importer(815301076,1909f56bfc062723c751e8b465ee728b)
Start importing Assets/VR Controllers Models using Guid(a910cdc2860452242b79e0bdae8baf59) Importer(815301076,1909f56bfc062723c751e8b465ee728b)  -> (artifact id: '4085ec8b024ad04191cfa4867ab7481f') in 0.009299 seconds
  Import took 0.018155 seconds .

========================================================================
Received Import Request.
  Time since last request: 0.098503 seconds.
  path: Assets/VR Controllers Models/Default Controller.prefab
  artifactKey: Guid(0540e32b498ef284f8e1dcf80dfccd58) Importer(815301076,1909f56bfc062723c751e8b465ee728b)
Start importing Assets/VR Controllers Models/Default Controller.prefab using Guid(0540e32b498ef284f8e1dcf80dfccd58) Importer(815301076,1909f56bfc062723c751e8b465ee728b)  -> (artifact id: '255babf16d36711336cc4747e4a00c4c') in 0.155866 seconds
  Import took 0.163197 seconds .

========================================================================
Received Import Request.
  Time since last request: 0.000190 seconds.
  path: Assets/VR Controllers Models/Oculus Quest Controller - Left.prefab
  artifactKey: Guid(c836783e3928a624e9ff9c70d4f21606) Importer(815301076,1909f56bfc062723c751e8b465ee728b)
Start importing Assets/VR Controllers Models/Oculus Quest Controller - Left.prefab using Guid(c836783e3928a624e9ff9c70d4f21606) Importer(815301076,1909f56bfc062723c751e8b465ee728b)  -> (artifact id: '28915cf7047aae1b44d28f191da5944e') in 0.036663 seconds
  Import took 0.040965 seconds .

========================================================================
Received Import Request.
  Time since last request: 0.000304 seconds.
  path: Assets/VR Controllers Models/OpenVR Controller(Knuckles DV Left) - Left.prefab
  artifactKey: Guid(542a6345c56bbcd41b92f421fac57d92) Importer(815301076,1909f56bfc062723c751e8b465ee728b)
Start importing Assets/VR Controllers Models/OpenVR Controller(Knuckles DV Left) - Left.prefab using Guid(542a6345c56bbcd41b92f421fac57d92) Importer(815301076,1909f56bfc062723c751e8b465ee728b)  -> (artifact id: 'f52696ccbceeac209ca80d84879a7434') in 0.488739 seconds
  Import took 0.493077 seconds .

========================================================================
Received Import Request.
  Time since last request: 0.000197 seconds.
  path: Assets/VR Controllers Models/Default Controller.prefab
  artifactKey: Guid(0540e32b498ef284f8e1dcf80dfccd58) Importer(815301076,1909f56bfc062723c751e8b465ee728b)
Start importing Assets/VR Controllers Models/Default Controller.prefab using Guid(0540e32b498ef284f8e1dcf80dfccd58) Importer(815301076,1909f56bfc062723c751e8b465ee728b)  -> (artifact id: '255babf16d36711336cc4747e4a00c4c') in 0.010268 seconds
  Import took 0.014767 seconds .

========================================================================
Received Import Request.
  Time since last request: 0.000209 seconds.
  path: Assets/VR Controllers Models/Oculus Quest Controller - Right.prefab
  artifactKey: Guid(cfa8dc06d611ba340b06bbefba58ee46) Importer(815301076,1909f56bfc062723c751e8b465ee728b)
Start importing Assets/VR Controllers Models/Oculus Quest Controller - Right.prefab using Guid(cfa8dc06d611ba340b06bbefba58ee46) Importer(815301076,1909f56bfc062723c751e8b465ee728b)  -> (artifact id: 'e040f986cf368c6432efbb13a26d9a08') in 0.022390 seconds
  Import took 0.027609 seconds .

========================================================================
Received Import Request.
  Time since last request: 0.000391 seconds.
  path: Assets/VR Controllers Models/Oculus Touch Controller - Right.prefab
  artifactKey: Guid(0efe8147fc0009d4ea3039b2374d927c) Importer(815301076,1909f56bfc062723c751e8b465ee728b)
Start importing Assets/VR Controllers Models/Oculus Touch Controller - Right.prefab using Guid(0efe8147fc0009d4ea3039b2374d927c) Importer(815301076,1909f56bfc062723c751e8b465ee728b)  -> (artifact id: 'ea5a15e6d846b78f102cd8c2e8d3728d') in 0.022357 seconds
  Import took 0.027867 seconds .

========================================================================
Received Import Request.
  Time since last request: 0.000264 seconds.
  path: Assets/VR Controllers Models/Oculus Touch Controller - Left.prefab
  artifactKey: Guid(b2ec64201e9ec6c4ba155691307536cb) Importer(815301076,1909f56bfc062723c751e8b465ee728b)
Start importing Assets/VR Controllers Models/Oculus Touch Controller - Left.prefab using Guid(b2ec64201e9ec6c4ba155691307536cb) Importer(815301076,1909f56bfc062723c751e8b465ee728b)  -> (artifact id: '47d0016612efe24a9570a4b427f44edf') in 0.021925 seconds
  Import took 0.026987 seconds .

========================================================================
Received Import Request.
  Time since last request: 0.000215 seconds.
  path: Assets/VR Controllers Models/OpenVR Controller(Vive Controller MV) - Left.prefab
  artifactKey: Guid(c4b9c875ed967534eb12cd57aeeb1183) Importer(815301076,1909f56bfc062723c751e8b465ee728b)
Start importing Assets/VR Controllers Models/OpenVR Controller(Vive Controller MV) - Left.prefab using Guid(c4b9c875ed967534eb12cd57aeeb1183) Importer(815301076,1909f56bfc062723c751e8b465ee728b)  -> (artifact id: '33c7c7fa94b86bdbcd2f4e047f1dfa40') in 0.281634 seconds
  Import took 0.289667 seconds .

========================================================================
Received Import Request.
  Time since last request: 0.000201 seconds.
  path: Assets/VR Controllers Models/OpenVR Controller(Knuckles DV Right) - Right.prefab
  artifactKey: Guid(aafefdd564a300c4d93806fdc271c41f) Importer(815301076,1909f56bfc062723c751e8b465ee728b)
Start importing Assets/VR Controllers Models/OpenVR Controller(Knuckles DV Right) - Right.prefab using Guid(aafefdd564a300c4d93806fdc271c41f) Importer(815301076,1909f56bfc062723c751e8b465ee728b)  -> (artifact id: 'e8d3ce51c40b7d34a6a96f3bd877ef00') in 0.022697 seconds
  Import took 0.027104 seconds .

========================================================================
Received Import Request.
  Time since last request: 0.000314 seconds.
  path: Assets/VR Controllers Models/OpenVR Controller(Vive Controller MV) - Right.prefab
  artifactKey: Guid(61e60013ce1d7d942b8975c98fdf8154) Importer(815301076,1909f56bfc062723c751e8b465ee728b)
Start importing Assets/VR Controllers Models/OpenVR Controller(Vive Controller MV) - Right.prefab using Guid(61e60013ce1d7d942b8975c98fdf8154) Importer(815301076,1909f56bfc062723c751e8b465ee728b)  -> (artifact id: '0f1f8f19f5ef99d6f1e088cfc5caa0c1') in 0.028368 seconds
  Import took 0.036792 seconds .

========================================================================
Received Prepare
Registering precompiled user dll's ...
Registered in 0.003013 seconds.
Begin MonoManager ReloadAssembly
Native extension for WindowsStandalone target not found
Refreshing native plugins compatible for Editor in 0.91 ms, found 3 plugins.
Preloading 1 native plugins for Editor in 0.10 ms.
Invoked RoslynAnalysisRunner static constructor.
RoslynAnalysisRunner will not be running.
RoslynAnalysisRunner has terminated.
NullReferenceException: Object reference not set to an instance of an object
  at Unity.XR.Oculus.OculusLoader.AssetPathToAbsolutePath (System.String assetPath) [0x00048] in C:\Users\spide\Documents\Github\Testpiano\Input-Output2021\InputOutput2021\Library\PackageCache\com.unity.xr.oculus@1.8.1\Runtime\OculusLoader.cs:243 
  at Unity.XR.Oculus.OculusLoader.EditorLoadOVRPlugin () [0x0007b] in C:\Users\spide\Documents\Github\Testpiano\Input-Output2021\InputOutput2021\Library\PackageCache\com.unity.xr.oculus@1.8.1\Runtime\OculusLoader.cs:228 

(Filename: Library/PackageCache/com.unity.xr.oculus@1.8.1/Runtime/OculusLoader.cs Line: 243)

Mono: successfully reloaded assembly
- Completed reload, in  1.134 seconds
Platform modules already initialized, skipping
Shader 'Universal Render Pipeline/Particles/Lit': fallback shader 'Universal Render Pipeline/Particles/SimpleLit' not found
Shader 'Universal Render Pipeline/Particles/Lit': fallback shader 'Universal Render Pipeline/Particles/SimpleLit' not found
Refreshing native plugins compatible for Editor in 0.67 ms, found 3 plugins.
Preloading 1 native plugins for Editor in 0.09 ms.
Unloading 2838 Unused Serialized files (Serialized files now loaded: 0)
System memory in use before: 133.8 MB.
System memory in use after: 131.6 MB.

Unloading 41 unused Assets to reduce memory usage. Loaded Objects now: 3569.
Total: 4.604400 ms (FindLiveObjects: 0.361700 ms CreateObjectMapping: 0.235200 ms MarkObjects: 2.537200 ms  DeleteObjects: 1.468900 ms)

========================================================================
Received Import Request.
  Time since last request: 594.154197 seconds.
  path: Assets/Models/VR Controllers Models/Oculus Touch Controller - Left.prefab
  artifactKey: Guid(b2ec64201e9ec6c4ba155691307536cb) Importer(815301076,1909f56bfc062723c751e8b465ee728b)
Start importing Assets/Models/VR Controllers Models/Oculus Touch Controller - Left.prefab using Guid(b2ec64201e9ec6c4ba155691307536cb) Importer(815301076,1909f56bfc062723c751e8b465ee728b)  -> (artifact id: '7860c495ff91b7be7242fbf9f672dbdc') in 0.164671 seconds
  Import took 0.172905 seconds .

========================================================================
Received Import Request.
  Time since last request: 0.577202 seconds.
  path: Assets/Models/VR Controllers Models/Oculus Touch Controller - Left.prefab
  artifactKey: Guid(b2ec64201e9ec6c4ba155691307536cb) Importer(815301076,1909f56bfc062723c751e8b465ee728b)
Start importing Assets/Models/VR Controllers Models/Oculus Touch Controller - Left.prefab using Guid(b2ec64201e9ec6c4ba155691307536cb) Importer(815301076,1909f56bfc062723c751e8b465ee728b)  -> (artifact id: 'cd594cfea3d9bd183dc752715302a6bc') in 0.024915 seconds
  Import took 0.033584 seconds .

========================================================================
Received Import Request.
  Time since last request: 0.988270 seconds.
  path: Assets/Models/VR Controllers Models/Oculus Touch Controller - Left.prefab
  artifactKey: Guid(b2ec64201e9ec6c4ba155691307536cb) Importer(815301076,1909f56bfc062723c751e8b465ee728b)
Start importing Assets/Models/VR Controllers Models/Oculus Touch Controller - Left.prefab using Guid(b2ec64201e9ec6c4ba155691307536cb) Importer(815301076,1909f56bfc062723c751e8b465ee728b)  -> (artifact id: 'f4b14139b4471bd57c036e414d2150aa') in 0.024703 seconds
  Import took 0.032954 seconds .

========================================================================
Received Import Request.
  Time since last request: 2.909884 seconds.
  path: Assets/Models/VR Controllers Models/Oculus Touch Controller - Left.prefab
  artifactKey: Guid(b2ec64201e9ec6c4ba155691307536cb) Importer(815301076,1909f56bfc062723c751e8b465ee728b)
Start importing Assets/Models/VR Controllers Models/Oculus Touch Controller - Left.prefab using Guid(b2ec64201e9ec6c4ba155691307536cb) Importer(815301076,1909f56bfc062723c751e8b465ee728b)  -> (artifact id: 'e1eb145637886979e0ccda8664bce0d1') in 0.017298 seconds
  Import took 0.023688 seconds .

========================================================================
Received Import Request.
  Time since last request: 2.237018 seconds.
  path: Assets/Models/VR Controllers Models/Oculus Touch Controller - Left.prefab
  artifactKey: Guid(b2ec64201e9ec6c4ba155691307536cb) Importer(815301076,1909f56bfc062723c751e8b465ee728b)
Start importing Assets/Models/VR Controllers Models/Oculus Touch Controller - Left.prefab using Guid(b2ec64201e9ec6c4ba155691307536cb) Importer(815301076,1909f56bfc062723c751e8b465ee728b)  -> (artifact id: '1595197f6a710b47f2073bd648811edb') in 0.016619 seconds
  Import took 0.022982 seconds .

========================================================================
Received Import Request.
  Time since last request: 0.009331 seconds.
  path: Assets/Models/VR Controllers Models/Oculus Touch Controller - Left.prefab
  artifactKey: Guid(b2ec64201e9ec6c4ba155691307536cb) Importer(815301076,1909f56bfc062723c751e8b465ee728b)
Start importing Assets/Models/VR Controllers Models/Oculus Touch Controller - Left.prefab using Guid(b2ec64201e9ec6c4ba155691307536cb) Importer(815301076,1909f56bfc062723c751e8b465ee728b)  -> (artifact id: '1595197f6a710b47f2073bd648811edb') in 0.015743 seconds
  Import took 0.022871 seconds .

========================================================================
Received Import Request.
  Time since last request: 4.753361 seconds.
  path: Assets/Models/VR Controllers Models/Oculus Touch Controller - Right.prefab
  artifactKey: Guid(0efe8147fc0009d4ea3039b2374d927c) Importer(815301076,1909f56bfc062723c751e8b465ee728b)
Start importing Assets/Models/VR Controllers Models/Oculus Touch Controller - Right.prefab using Guid(0efe8147fc0009d4ea3039b2374d927c) Importer(815301076,1909f56bfc062723c751e8b465ee728b)  -> (artifact id: 'ac75de994a37b492a410318379879dda') in 0.019303 seconds
  Import took 0.025054 seconds .

========================================================================
Received Import Request.
  Time since last request: 0.001436 seconds.
  path: Assets/Models/VR Controllers Models/Oculus Touch Controller - Right.prefab
  artifactKey: Guid(0efe8147fc0009d4ea3039b2374d927c) Importer(815301076,1909f56bfc062723c751e8b465ee728b)
Start importing Assets/Models/VR Controllers Models/Oculus Touch Controller - Right.prefab using Guid(0efe8147fc0009d4ea3039b2374d927c) Importer(815301076,1909f56bfc062723c751e8b465ee728b)  -> (artifact id: 'ac75de994a37b492a410318379879dda') in 0.015838 seconds
  Import took 0.023238 seconds .

========================================================================
Received Import Request.
  Time since last request: 1.683655 seconds.
  path: Assets/Models/VR Controllers Models/Oculus Touch Controller - Right.prefab
  artifactKey: Guid(0efe8147fc0009d4ea3039b2374d927c) Importer(815301076,1909f56bfc062723c751e8b465ee728b)
Start importing Assets/Models/VR Controllers Models/Oculus Touch Controller - Right.prefab using Guid(0efe8147fc0009d4ea3039b2374d927c) Importer(815301076,1909f56bfc062723c751e8b465ee728b)  -> (artifact id: 'ba5287568b394857066c38fc77b0d646') in 0.019011 seconds
  Import took 0.026362 seconds .

========================================================================
Received Import Request.
  Time since last request: 0.001044 seconds.
  path: Assets/Models/VR Controllers Models/Oculus Touch Controller - Right.prefab
  artifactKey: Guid(0efe8147fc0009d4ea3039b2374d927c) Importer(815301076,1909f56bfc062723c751e8b465ee728b)
Start importing Assets/Models/VR Controllers Models/Oculus Touch Controller - Right.prefab using Guid(0efe8147fc0009d4ea3039b2374d927c) Importer(815301076,1909f56bfc062723c751e8b465ee728b)  -> (artifact id: 'ba5287568b394857066c38fc77b0d646') in 0.021892 seconds
  Import took 0.030090 seconds .

========================================================================
Received Import Request.
  Time since last request: 2.266439 seconds.
  path: Assets/Models/VR Controllers Models/Oculus Touch Controller - Right.prefab
  artifactKey: Guid(0efe8147fc0009d4ea3039b2374d927c) Importer(815301076,1909f56bfc062723c751e8b465ee728b)
Start importing Assets/Models/VR Controllers Models/Oculus Touch Controller - Right.prefab using Guid(0efe8147fc0009d4ea3039b2374d927c) Importer(815301076,1909f56bfc062723c751e8b465ee728b)  -> (artifact id: '7b76459864d6a2ab3b542476898df366') in 0.016666 seconds
  Import took 0.024039 seconds .

========================================================================
Received Import Request.
  Time since last request: 1.474268 seconds.
  path: Assets/Models/VR Controllers Models/Oculus Touch Controller - Right.prefab
  artifactKey: Guid(0efe8147fc0009d4ea3039b2374d927c) Importer(815301076,1909f56bfc062723c751e8b465ee728b)
Start importing Assets/Models/VR Controllers Models/Oculus Touch Controller - Right.prefab using Guid(0efe8147fc0009d4ea3039b2374d927c) Importer(815301076,1909f56bfc062723c751e8b465ee728b)  -> (artifact id: '4060924c0b53236c55ed15636a4e38b6') in 0.019835 seconds
  Import took 0.026528 seconds .

========================================================================
Received Import Request.
  Time since last request: 0.000917 seconds.
  path: Assets/Models/VR Controllers Models/Oculus Touch Controller - Right.prefab
  artifactKey: Guid(0efe8147fc0009d4ea3039b2374d927c) Importer(815301076,1909f56bfc062723c751e8b465ee728b)
Start importing Assets/Models/VR Controllers Models/Oculus Touch Controller - Right.prefab using Guid(0efe8147fc0009d4ea3039b2374d927c) Importer(815301076,1909f56bfc062723c751e8b465ee728b)  -> (artifact id: '4060924c0b53236c55ed15636a4e38b6') in 0.023401 seconds
  Import took 0.032505 seconds .

========================================================================
Received Import Request.
  Time since last request: 1.870640 seconds.
  path: Assets/Models/VR Controllers Models/Oculus Touch Controller - Right.prefab
  artifactKey: Guid(0efe8147fc0009d4ea3039b2374d927c) Importer(815301076,1909f56bfc062723c751e8b465ee728b)
Start importing Assets/Models/VR Controllers Models/Oculus Touch Controller - Right.prefab using Guid(0efe8147fc0009d4ea3039b2374d927c) Importer(815301076,1909f56bfc062723c751e8b465ee728b)  -> (artifact id: '0191e3db214e65d8484633cf0aaf1d88') in 0.016752 seconds
  Import took 0.022789 seconds .

========================================================================
Received Import Request.
  Time since last request: 0.000690 seconds.
  path: Assets/Models/VR Controllers Models/Oculus Touch Controller - Right.prefab
  artifactKey: Guid(0efe8147fc0009d4ea3039b2374d927c) Importer(815301076,1909f56bfc062723c751e8b465ee728b)
Start importing Assets/Models/VR Controllers Models/Oculus Touch Controller - Right.prefab using Guid(0efe8147fc0009d4ea3039b2374d927c) Importer(815301076,1909f56bfc062723c751e8b465ee728b)  -> (artifact id: '0191e3db214e65d8484633cf0aaf1d88') in 0.017046 seconds
  Import took 0.022334 seconds .

========================================================================
Received Import Request.
  Time since last request: 2.151577 seconds.
  path: Assets/Models/VR Controllers Models/Oculus Touch Controller - Right.prefab
  artifactKey: Guid(0efe8147fc0009d4ea3039b2374d927c) Importer(815301076,1909f56bfc062723c751e8b465ee728b)
Start importing Assets/Models/VR Controllers Models/Oculus Touch Controller - Right.prefab using Guid(0efe8147fc0009d4ea3039b2374d927c) Importer(815301076,1909f56bfc062723c751e8b465ee728b)  -> (artifact id: '02902da904b8181897d1cc58a29a0d25') in 0.016195 seconds
  Import took 0.024438 seconds .

========================================================================
Received Prepare
Registering precompiled user dll's ...
Registered in 0.004278 seconds.
Begin MonoManager ReloadAssembly
Native extension for WindowsStandalone target not found
Refreshing native plugins compatible for Editor in 0.63 ms, found 3 plugins.
Preloading 1 native plugins for Editor in 0.10 ms.
Invoked RoslynAnalysisRunner static constructor.
RoslynAnalysisRunner will not be running.
RoslynAnalysisRunner has terminated.
NullReferenceException: Object reference not set to an instance of an object
  at Unity.XR.Oculus.OculusLoader.AssetPathToAbsolutePath (System.String assetPath) [0x00048] in C:\Users\spide\Documents\Github\Testpiano\Input-Output2021\InputOutput2021\Library\PackageCache\com.unity.xr.oculus@1.8.1\Runtime\OculusLoader.cs:243 
  at Unity.XR.Oculus.OculusLoader.EditorLoadOVRPlugin () [0x0007b] in C:\Users\spide\Documents\Github\Testpiano\Input-Output2021\InputOutput2021\Library\PackageCache\com.unity.xr.oculus@1.8.1\Runtime\OculusLoader.cs:228 

(Filename: Library/PackageCache/com.unity.xr.oculus@1.8.1/Runtime/OculusLoader.cs Line: 243)

Mono: successfully reloaded assembly
- Completed reload, in  1.292 seconds
Platform modules already initialized, skipping
Shader 'Universal Render Pipeline/Particles/Lit': fallback shader 'Universal Render Pipeline/Particles/SimpleLit' not found
Shader 'Universal Render Pipeline/Particles/Lit': fallback shader 'Universal Render Pipeline/Particles/SimpleLit' not found
Refreshing native plugins compatible for Editor in 0.59 ms, found 3 plugins.
Preloading 1 native plugins for Editor in 0.09 ms.
Unloading 2838 Unused Serialized files (Serialized files now loaded: 0)
System memory in use before: 133.9 MB.
System memory in use after: 131.7 MB.

Unloading 41 unused Assets to reduce memory usage. Loaded Objects now: 3609.
Total: 4.503800 ms (FindLiveObjects: 0.370000 ms CreateObjectMapping: 0.190500 ms MarkObjects: 2.485900 ms  DeleteObjects: 1.456300 ms)

========================================================================
Received Import Request.
  Time since last request: 118.716570 seconds.
  path: Assets/Models/VR Controllers Models/Oculus Touch Controller - Left.prefab
  artifactKey: Guid(b2ec64201e9ec6c4ba155691307536cb) Importer(815301076,1909f56bfc062723c751e8b465ee728b)
Start importing Assets/Models/VR Controllers Models/Oculus Touch Controller - Left.prefab using Guid(b2ec64201e9ec6c4ba155691307536cb) Importer(815301076,1909f56bfc062723c751e8b465ee728b)  -> (artifact id: 'be1944b658cc984180c31dac0f044b89') in 0.192893 seconds
  Import took 0.201529 seconds .

========================================================================
Received Import Request.
  Time since last request: 14.630970 seconds.
  path: Assets/Models/VR Controllers Models/Oculus Touch Controller - Right.prefab
  artifactKey: Guid(0efe8147fc0009d4ea3039b2374d927c) Importer(815301076,1909f56bfc062723c751e8b465ee728b)
Start importing Assets/Models/VR Controllers Models/Oculus Touch Controller - Right.prefab using Guid(0efe8147fc0009d4ea3039b2374d927c) Importer(815301076,1909f56bfc062723c751e8b465ee728b)  -> (artifact id: 'f46d507579f681b5d322da5f8d558c95') in 0.026046 seconds
  Import took 0.034342 seconds .

========================================================================
Received Prepare
Registering precompiled user dll's ...
Registered in 0.004005 seconds.
Begin MonoManager ReloadAssembly
Native extension for WindowsStandalone target not found
Refreshing native plugins compatible for Editor in 0.73 ms, found 3 plugins.
Preloading 1 native plugins for Editor in 0.10 ms.
Invoked RoslynAnalysisRunner static constructor.
RoslynAnalysisRunner will not be running.
RoslynAnalysisRunner has terminated.
NullReferenceException: Object reference not set to an instance of an object
  at Unity.XR.Oculus.OculusLoader.AssetPathToAbsolutePath (System.String assetPath) [0x00048] in C:\Users\spide\Documents\Github\Testpiano\Input-Output2021\InputOutput2021\Library\PackageCache\com.unity.xr.oculus@1.8.1\Runtime\OculusLoader.cs:243 
  at Unity.XR.Oculus.OculusLoader.EditorLoadOVRPlugin () [0x0007b] in C:\Users\spide\Documents\Github\Testpiano\Input-Output2021\InputOutput2021\Library\PackageCache\com.unity.xr.oculus@1.8.1\Runtime\OculusLoader.cs:228 

(Filename: Library/PackageCache/com.unity.xr.oculus@1.8.1/Runtime/OculusLoader.cs Line: 243)

Mono: successfully reloaded assembly
- Completed reload, in  1.140 seconds
Platform modules already initialized, skipping
Shader 'Universal Render Pipeline/Particles/Lit': fallback shader 'Universal Render Pipeline/Particles/SimpleLit' not found
Shader 'Universal Render Pipeline/Particles/Lit': fallback shader 'Universal Render Pipeline/Particles/SimpleLit' not found
Refreshing native plugins compatible for Editor in 0.63 ms, found 3 plugins.
Preloading 1 native plugins for Editor in 0.17 ms.
Unloading 2838 Unused Serialized files (Serialized files now loaded: 0)
System memory in use before: 134.0 MB.
System memory in use after: 131.8 MB.

Unloading 41 unused Assets to reduce memory usage. Loaded Objects now: 3649.
Total: 5.527200 ms (FindLiveObjects: 0.867200 ms CreateObjectMapping: 0.310500 ms MarkObjects: 2.745500 ms  DeleteObjects: 1.602100 ms)

========================================================================
Received Import Request.
  Time since last request: 115.798928 seconds.
  path: Assets/Models/VR Controllers Models/Oculus Touch Controller - Left.prefab
  artifactKey: Guid(b2ec64201e9ec6c4ba155691307536cb) Importer(815301076,1909f56bfc062723c751e8b465ee728b)
Start importing Assets/Models/VR Controllers Models/Oculus Touch Controller - Left.prefab using Guid(b2ec64201e9ec6c4ba155691307536cb) Importer(815301076,1909f56bfc062723c751e8b465ee728b)  -> (artifact id: 'b4c20c710d622f059c7f163a6be5b67e') in 0.252186 seconds
  Import took 0.260870 seconds .

========================================================================
Received Import Request.
  Time since last request: 6.338110 seconds.
  path: Assets/Models/VR Controllers Models/Oculus Touch Controller - Left.prefab
  artifactKey: Guid(b2ec64201e9ec6c4ba155691307536cb) Importer(815301076,1909f56bfc062723c751e8b465ee728b)
Start importing Assets/Models/VR Controllers Models/Oculus Touch Controller - Left.prefab using Guid(b2ec64201e9ec6c4ba155691307536cb) Importer(815301076,1909f56bfc062723c751e8b465ee728b)  -> (artifact id: '1758c9d8c5ddd04feddaf97bb1d69a14') in 0.021717 seconds
  Import took 0.032109 seconds .

========================================================================
Received Import Request.
  Time since last request: 12.945123 seconds.
  path: Assets/Models/VR Controllers Models/Oculus Touch Controller - Right.prefab
  artifactKey: Guid(0efe8147fc0009d4ea3039b2374d927c) Importer(815301076,1909f56bfc062723c751e8b465ee728b)
Start importing Assets/Models/VR Controllers Models/Oculus Touch Controller - Right.prefab using Guid(0efe8147fc0009d4ea3039b2374d927c) Importer(815301076,1909f56bfc062723c751e8b465ee728b)  -> (artifact id: 'ef7a0ea4099f374fe21c8129d8067b86') in 0.021890 seconds
  Import took 0.030239 seconds .

========================================================================
Received Prepare
Registering precompiled user dll's ...
Registered in 0.003877 seconds.
Begin MonoManager ReloadAssembly
Native extension for WindowsStandalone target not found
Refreshing native plugins compatible for Editor in 1.14 ms, found 3 plugins.
Preloading 1 native plugins for Editor in 0.12 ms.
Invoked RoslynAnalysisRunner static constructor.
RoslynAnalysisRunner will not be running.
RoslynAnalysisRunner has terminated.
NullReferenceException: Object reference not set to an instance of an object
  at Unity.XR.Oculus.OculusLoader.AssetPathToAbsolutePath (System.String assetPath) [0x00048] in C:\Users\spide\Documents\Github\Testpiano\Input-Output2021\InputOutput2021\Library\PackageCache\com.unity.xr.oculus@1.8.1\Runtime\OculusLoader.cs:243 
  at Unity.XR.Oculus.OculusLoader.EditorLoadOVRPlugin () [0x0007b] in C:\Users\spide\Documents\Github\Testpiano\Input-Output2021\InputOutput2021\Library\PackageCache\com.unity.xr.oculus@1.8.1\Runtime\OculusLoader.cs:228 

(Filename: Library/PackageCache/com.unity.xr.oculus@1.8.1/Runtime/OculusLoader.cs Line: 243)

Mono: successfully reloaded assembly
- Completed reload, in  1.245 seconds
Platform modules already initialized, skipping
Shader 'Universal Render Pipeline/Particles/Lit': fallback shader 'Universal Render Pipeline/Particles/SimpleLit' not found
Shader 'Universal Render Pipeline/Particles/Lit': fallback shader 'Universal Render Pipeline/Particles/SimpleLit' not found
Refreshing native plugins compatible for Editor in 1.11 ms, found 3 plugins.
Preloading 1 native plugins for Editor in 0.16 ms.
Unloading 2838 Unused Serialized files (Serialized files now loaded: 0)
System memory in use before: 134.1 MB.
System memory in use after: 131.9 MB.

Unloading 41 unused Assets to reduce memory usage. Loaded Objects now: 3689.
Total: 4.718600 ms (FindLiveObjects: 0.356800 ms CreateObjectMapping: 0.201800 ms MarkObjects: 2.684700 ms  DeleteObjects: 1.473900 ms)

========================================================================
Received Import Request.
  Time since last request: 97.459378 seconds.
  path: Assets/Models/VR Controllers Models/Oculus Touch Controller - Left.prefab
  artifactKey: Guid(b2ec64201e9ec6c4ba155691307536cb) Importer(815301076,1909f56bfc062723c751e8b465ee728b)
Start importing Assets/Models/VR Controllers Models/Oculus Touch Controller - Left.prefab using Guid(b2ec64201e9ec6c4ba155691307536cb) Importer(815301076,1909f56bfc062723c751e8b465ee728b)  -> (artifact id: '4bbe3c1fce81b4b1c289ea6adb62a463') in 0.201141 seconds
  Import took 0.207524 seconds .

========================================================================
Received Import Request.
  Time since last request: 1.558464 seconds.
  path: Assets/Models/VR Controllers Models/Oculus Touch Controller - Left.prefab
  artifactKey: Guid(b2ec64201e9ec6c4ba155691307536cb) Importer(815301076,1909f56bfc062723c751e8b465ee728b)
Start importing Assets/Models/VR Controllers Models/Oculus Touch Controller - Left.prefab using Guid(b2ec64201e9ec6c4ba155691307536cb) Importer(815301076,1909f56bfc062723c751e8b465ee728b)  -> (artifact id: 'b3d9ba14f028e57f50f2939a678199fa') in 0.020765 seconds
  Import took 0.030635 seconds .

========================================================================
Received Import Request.
  Time since last request: 18.889730 seconds.
  path: Assets/Models/VR Controllers Models/Oculus Touch Controller - Right.prefab
  artifactKey: Guid(0efe8147fc0009d4ea3039b2374d927c) Importer(815301076,1909f56bfc062723c751e8b465ee728b)
Start importing Assets/Models/VR Controllers Models/Oculus Touch Controller - Right.prefab using Guid(0efe8147fc0009d4ea3039b2374d927c) Importer(815301076,1909f56bfc062723c751e8b465ee728b)  -> (artifact id: 'bbde72d02aa7d06792598d116bee024e') in 0.024887 seconds
  Import took 0.033704 seconds .

========================================================================
Received Prepare
Registering precompiled user dll's ...
Registered in 0.002643 seconds.
Begin MonoManager ReloadAssembly
Native extension for WindowsStandalone target not found
Refreshing native plugins compatible for Editor in 0.54 ms, found 3 plugins.
Preloading 1 native plugins for Editor in 0.09 ms.
Invoked RoslynAnalysisRunner static constructor.
RoslynAnalysisRunner will not be running.
RoslynAnalysisRunner has terminated.
NullReferenceException: Object reference not set to an instance of an object
  at Unity.XR.Oculus.OculusLoader.AssetPathToAbsolutePath (System.String assetPath) [0x00048] in C:\Users\spide\Documents\Github\Testpiano\Input-Output2021\InputOutput2021\Library\PackageCache\com.unity.xr.oculus@1.8.1\Runtime\OculusLoader.cs:243 
  at Unity.XR.Oculus.OculusLoader.EditorLoadOVRPlugin () [0x0007b] in C:\Users\spide\Documents\Github\Testpiano\Input-Output2021\InputOutput2021\Library\PackageCache\com.unity.xr.oculus@1.8.1\Runtime\OculusLoader.cs:228 

(Filename: Library/PackageCache/com.unity.xr.oculus@1.8.1/Runtime/OculusLoader.cs Line: 243)

Mono: successfully reloaded assembly
- Completed reload, in  0.965 seconds
Platform modules already initialized, skipping
Shader 'Universal Render Pipeline/Particles/Lit': fallback shader 'Universal Render Pipeline/Particles/SimpleLit' not found
Shader 'Universal Render Pipeline/Particles/Lit': fallback shader 'Universal Render Pipeline/Particles/SimpleLit' not found
Refreshing native plugins compatible for Editor in 0.52 ms, found 3 plugins.
Preloading 1 native plugins for Editor in 0.08 ms.
Unloading 2838 Unused Serialized files (Serialized files now loaded: 0)
System memory in use before: 134.3 MB.
System memory in use after: 132.1 MB.

Unloading 41 unused Assets to reduce memory usage. Loaded Objects now: 3729.
Total: 4.379300 ms (FindLiveObjects: 0.364600 ms CreateObjectMapping: 0.172900 ms MarkObjects: 2.478500 ms  DeleteObjects: 1.362300 ms)

AssetImportWorkerClient::OnTransportError - code=2 error=End of file
